2014-12-20 06:21:27.763+0000 INFO  [org.neo4j]: No locking implementation specified, defaulting to 'community'
2014-12-20 06:21:27.904+0000 INFO  [org.neo4j]: --- INITIALIZED diagnostics START ---
2014-12-20 06:21:27.908+0000 INFO  [org.neo4j]: Neo4j Kernel properties:
    neostore.propertystore.db.mapped_memory=331M
    neostore.nodestore.db.mapped_memory=92M
    neostore.relationshipstore.db.mapped_memory=406M
    neostore.propertystore.db.strings.mapped_memory=282M
    store_dir=target/matrix-new-db
    neostore.propertystore.db.arrays.mapped_memory=319M
    ephemeral=false
2014-12-20 06:21:27.914+0000 INFO  [org.neo4j]: Diagnostics providers:
    org.neo4j.kernel.configuration.Config
    org.neo4j.kernel.info.DiagnosticsManager
    SYSTEM_MEMORY
    JAVA_MEMORY
    OPERATING_SYSTEM
    JAVA_VIRTUAL_MACHINE
    CLASSPATH
    LIBRARY_PATH
    SYSTEM_PROPERTIES
    NETWORK
2014-12-20 06:21:27.915+0000 INFO  [org.neo4j]: System memory information:
    Total Physical memory: 4.00 GB
    Free Physical memory: 241.02 MB
    Committed virtual memory: 3.59 GB
    Total swap space: 0.00 B
    Free swap space: 0.00 B
2014-12-20 06:21:27.924+0000 INFO  [org.neo4j]: JVM memory information:
    Free  memory: 46.90 MB
    Total memory: 61.50 MB
    Max   memory: 910.50 MB
    Garbage Collector: PS Scavenge: [PS Eden Space, PS Survivor Space]
    Garbage Collector: PS MarkSweep: [PS Eden Space, PS Survivor Space, PS Old Gen, PS Perm Gen]
    Memory Pool: Code Cache (Non-heap memory): committed=2.44 MB, used=470.56 kB, max=48.00 MB, threshold=0.00 B
    Memory Pool: PS Eden Space (Heap memory): committed=16.50 MB, used=14.60 MB, max=336.50 MB, threshold=?
    Memory Pool: PS Survivor Space (Heap memory): committed=2.50 MB, used=0.00 B, max=2.50 MB, threshold=?
    Memory Pool: PS Old Gen (Heap memory): committed=42.50 MB, used=0.00 B, max=682.50 MB, threshold=0.00 B
    Memory Pool: PS Perm Gen (Non-heap memory): committed=21.00 MB, used=6.40 MB, max=82.00 MB, threshold=0.00 B
2014-12-20 06:21:27.933+0000 INFO  [org.neo4j]: Operating system information:
    Operating System: Mac OS X; version: 10.10; arch: x86_64; cpus: 4
    Max number of file descriptors: 10240
    Number of open file descriptors: 31
    Process id: 409@jwlideMacBook-Air.local
    Byte order: LITTLE_ENDIAN
    Local timezone: Asia/Harbin
2014-12-20 06:21:28.526+0000 INFO  [org.neo4j]: JVM information:
    VM Name: Java HotSpot(TM) 64-Bit Server VM
    VM Vendor: Oracle Corporation
    VM Version: 24.65-b04
    JIT compiler: HotSpot 64-Bit Tiered Compilers
    VM Arguments: [-agentlib:jdwp=transport=dt_socket,suspend=y,address=localhost:50736, -Dfile.encoding=UTF-8]
2014-12-20 06:21:28.527+0000 INFO  [org.neo4j]: Java classpath:
     [classpath + loader.0] file:/Users/jwli/Neo4j/neo4j-community-2.1.6/lib/scala-library-2.10.4.jar
     [loader.1] file:/Library/Java/JavaVirtualMachines/jdk1.7.0_67.jdk/Contents/Home/jre/lib/ext/sunec.jar
     [loader.1] file:/System/Library/Java/Extensions/MRJToolkit.jar
     [classpath + loader.0] file:/Users/jwli/Neo4j/neo4j-community-2.1.6/lib/neo4j-jmx-2.1.6.jar
     [classpath + loader.0] file:/Users/jwli/Neo4j/neo4j-community-2.1.6/lib/lucene-core-3.6.2.jar
     [bootstrap] /Library/Java/JavaVirtualMachines/jdk1.7.0_67.jdk/Contents/Home/jre/lib/jsse.jar
     [classpath + loader.0] file:/Users/jwli/Neo4j/neo4j-community-2.1.6/lib/org.apache.servicemix.bundles.jline-0.9.94_1.jar
     [classpath + loader.0] file:/Users/jwli/Neo4j/neo4j-community-2.1.6/lib/neo4j-cypher-compiler-2.0-2.0.3.jar
     [loader.1] file:/Library/Java/JavaVirtualMachines/jdk1.7.0_67.jdk/Contents/Home/jre/lib/ext/dnsns.jar
     [loader.1] file:/Library/Java/JavaVirtualMachines/jdk1.7.0_67.jdk/Contents/Home/jre/lib/ext/zipfs.jar
     [bootstrap] /Library/Java/JavaVirtualMachines/jdk1.7.0_67.jdk/Contents/Home/jre/lib/charsets.jar
     [classpath + loader.0] file:/Users/jwli/Neo4j/neo4j-community-2.1.6/lib/neo4j-graph-matching-2.1.6.jar
     [classpath + loader.0] file:/Users/jwli/Neo4j/neo4j-community-2.1.6/lib/neo4j-graph-algo-2.1.6.jar
     [loader.1] file:/Library/Java/JavaVirtualMachines/jdk1.7.0_67.jdk/Contents/Home/jre/lib/ext/sunjce_provider.jar
     [classpath + loader.0] file:/Users/jwli/Neo4j/neo4j-community-2.1.6/lib/neo4j-cypher-2.1.6.jar
     [bootstrap] /Library/Java/JavaVirtualMachines/jdk1.7.0_67.jdk/Contents/Home/jre/lib/resources.jar
     [loader.1] file:/Library/Java/JavaVirtualMachines/jdk1.7.0_67.jdk/Contents/Home/jre/lib/ext/localedata.jar
     [classpath + loader.0] file:/Users/jwli/Neo4j/neo4j-community-2.1.6/lib/neo4j-lucene-index-2.1.6.jar
     [classpath + loader.0] file:/Users/jwli/Neo4j/neo4j-community-2.1.6/lib/neo4j-udc-2.1.6.jar
     [bootstrap] /Library/Java/JavaVirtualMachines/jdk1.7.0_67.jdk/Contents/Home/jre/lib/jce.jar
     [classpath + loader.0] file:/Users/jwli/Neo4j/neo4j-community-2.1.6/lib/parboiled-core-1.1.6.jar
     [classpath + loader.0] file:/Users/jwli/Neo4j/neo4j-community-2.1.6/lib/neo4j-shell-2.1.6.jar
     [bootstrap] /Library/Java/JavaVirtualMachines/jdk1.7.0_67.jdk/Contents/Home/jre/lib/sunrsasign.jar
     [bootstrap] /Library/Java/JavaVirtualMachines/jdk1.7.0_67.jdk/Contents/Home/jre/classes
     [bootstrap] /Library/Java/JavaVirtualMachines/jdk1.7.0_67.jdk/Contents/Home/jre/lib/rt.jar
     [classpath + loader.0] file:/Users/jwli/Neo4j/neo4j-community-2.1.6/lib/neo4j-cypher-commons-2.1.6.jar
     [classpath + loader.0] file:/Users/jwli/Neo4j/neo4j-community-2.1.6/lib/parboiled-scala_2.10-1.1.6.jar
     [classpath + loader.0] file:/Users/jwli/Neo4j/neo4j-community-2.1.6/lib/server-api-2.1.6.jar
     [classpath + loader.0] file:/Users/jwli/Neo4j/neo4j-community-2.1.6/lib/neo4j-primitive-collections-2.1.6.jar
     [classpath + loader.0] file:/Users/jwli/Neo4j/neo4j-community-2.1.6/lib/neo4j-cypher-compiler-1.9-2.0.3.jar
     [classpath + loader.0] file:/Users/jwli/Neo4j/neo4j-community-2.1.6/lib/geronimo-jta_1.1_spec-1.1.1.jar
     [bootstrap] /Library/Java/JavaVirtualMachines/jdk1.7.0_67.jdk/Contents/Home/jre/lib/jfr.jar
     [classpath + loader.0] file:/Users/jwli/Neo4j/neo4j-community-2.1.6/lib/opencsv-2.3.jar
     [classpath + loader.0] file:/Users/jwli/Neo4j/neo4j-community-2.1.6/lib/neo4j-kernel-2.1.6.jar
     [classpath + loader.0] file:/Users/jwli/Documents/projects/workspace/TestNeo4j/bin/
     [loader.1] file:/Library/Java/JavaVirtualMachines/jdk1.7.0_67.jdk/Contents/Home/jre/lib/ext/sunpkcs11.jar
     [classpath + loader.0] file:/Users/jwli/Neo4j/neo4j-community-2.1.6/lib/neo4j-cypher-compiler-2.1-2.1.6.jar
     [classpath + loader.0] file:/Users/jwli/Neo4j/neo4j-community-2.1.6/lib/concurrentlinkedhashmap-lru-1.3.1.jar
2014-12-20 06:21:28.531+0000 INFO  [org.neo4j]: Library path:
    /Users/jwli/Library/Java/Extensions
    /Library/Java/Extensions
    /Network/Library/Java/Extensions
    /System/Library/Java/Extensions
    /usr/lib/java
    /Users/jwli/Documents/projects/workspace/TestNeo4j
2014-12-20 06:21:28.531+0000 INFO  [org.neo4j]: System.properties:
    sun.boot.library.path = /Library/Java/JavaVirtualMachines/jdk1.7.0_67.jdk/Contents/Home/jre/lib
    gopherProxySet = false
    path.separator = :
    file.encoding.pkg = sun.io
    user.country = US
    sun.java.launcher = SUN_STANDARD
    sun.os.patch.level = unknown
    user.dir = /Users/jwli/Documents/projects/workspace/TestNeo4j
    sun.jnu.encoding = UTF-8
    sun.management.compiler = HotSpot 64-Bit Tiered Compilers
    user.home = /Users/jwli
    user.timezone = Asia/Harbin
    file.encoding = UTF-8
    user.name = jwli
    sun.java.command = EmbeddedNeo4j
    sun.arch.data.model = 64
    user.language = en
    awt.toolkit = sun.lwawt.macosx.LWCToolkit
    file.separator = /
    sun.io.unicode.encoding = UnicodeBig
    sun.cpu.endian = little
    sun.cpu.isalist = 
2014-12-20 06:21:28.532+0000 INFO  [org.neo4j]: Network information:
    Interface awdl0:
        address: fe80:0:0:0:c05a:73ff:fef5:a96f%7
    Interface en0:
        address: fe80:0:0:0:2ef0:eeff:fe05:83ec%4
        address: 101.5.209.136
    Interface lo0:
        address: fe80:0:0:0:0:0:0:1%1
        address: 0:0:0:0:0:0:0:1
        address: 127.0.0.1
2014-12-20 06:21:28.537+0000 INFO  [org.neo4j]: --- INITIALIZED diagnostics END ---
2014-12-20 06:21:28.726+0000 INFO  [org.neo4j]: Creating new db @ target/matrix-new-db/neostore
2014-12-20 06:21:28.785+0000 INFO  [org.neo4j]: [target/matrix-new-db/neostore.relationshiptypestore.db.names] brickCount=0 brickSize=0b mappedMem=0b (storeSize=38b)
2014-12-20 06:21:28.787+0000 INFO  [org.neo4j]: [target/matrix-new-db/neostore.relationshiptypestore.db] brickCount=0 brickSize=0b mappedMem=0b (storeSize=0b)
2014-12-20 06:21:28.787+0000 INFO  [org.neo4j]: target/matrix-new-db/neostore.relationshiptypestore.db.names hit=0 miss=0 switches=0 ooe=0
2014-12-20 06:21:28.790+0000 INFO  [org.neo4j]: target/matrix-new-db/neostore.relationshiptypestore.db hit=0 miss=0 switches=0 ooe=0
2014-12-20 06:21:28.795+0000 INFO  [org.neo4j]: [target/matrix-new-db/neostore.labeltokenstore.db.names] brickCount=0 brickSize=0b mappedMem=0b (storeSize=38b)
2014-12-20 06:21:28.796+0000 INFO  [org.neo4j]: [target/matrix-new-db/neostore.labeltokenstore.db] brickCount=0 brickSize=0b mappedMem=0b (storeSize=0b)
2014-12-20 06:21:28.796+0000 INFO  [org.neo4j]: target/matrix-new-db/neostore.labeltokenstore.db.names hit=0 miss=0 switches=0 ooe=0
2014-12-20 06:21:28.797+0000 INFO  [org.neo4j]: target/matrix-new-db/neostore.labeltokenstore.db hit=0 miss=0 switches=0 ooe=0
2014-12-20 06:21:28.804+0000 INFO  [org.neo4j]: [target/matrix-new-db/neostore.relationshiptypestore.db.names] brickCount=0 brickSize=0b mappedMem=0b (storeSize=38b)
2014-12-20 06:21:28.804+0000 INFO  [org.neo4j]: [target/matrix-new-db/neostore.relationshiptypestore.db] brickCount=0 brickSize=0b mappedMem=0b (storeSize=0b)
2014-12-20 06:21:28.805+0000 INFO  [org.neo4j]: [target/matrix-new-db/neostore.labeltokenstore.db.names] brickCount=0 brickSize=0b mappedMem=0b (storeSize=38b)
2014-12-20 06:21:28.805+0000 INFO  [org.neo4j]: [target/matrix-new-db/neostore.labeltokenstore.db] brickCount=0 brickSize=0b mappedMem=0b (storeSize=0b)
2014-12-20 06:21:28.806+0000 INFO  [org.neo4j]: [target/matrix-new-db/neostore.propertystore.db.strings] brickCount=0 brickSize=295680b mappedMem=295698432b (storeSize=128b)
2014-12-20 06:21:28.807+0000 INFO  [org.neo4j]: [target/matrix-new-db/neostore.propertystore.db.index.keys] brickCount=0 brickSize=0b mappedMem=0b (storeSize=38b)
2014-12-20 06:21:28.808+0000 INFO  [org.neo4j]: [target/matrix-new-db/neostore.propertystore.db.index] brickCount=0 brickSize=0b mappedMem=0b (storeSize=0b)
2014-12-20 06:21:28.808+0000 INFO  [org.neo4j]: [target/matrix-new-db/neostore.propertystore.db.arrays] brickCount=0 brickSize=334464b mappedMem=334495744b (storeSize=128b)
2014-12-20 06:21:28.813+0000 INFO  [org.neo4j]: [target/matrix-new-db/neostore.propertystore.db] brickCount=0 brickSize=3470773b mappedMem=347078656b (storeSize=0b)
2014-12-20 06:21:28.817+0000 INFO  [org.neo4j]: [target/matrix-new-db/neostore.relationshipstore.db] brickCount=0 brickSize=4257208b mappedMem=425721856b (storeSize=0b)
2014-12-20 06:21:28.818+0000 INFO  [org.neo4j]: [target/matrix-new-db/neostore.nodestore.db.labels] brickCount=0 brickSize=0b mappedMem=0b (storeSize=68b)
2014-12-20 06:21:28.820+0000 INFO  [org.neo4j]: [target/matrix-new-db/neostore.nodestore.db] brickCount=0 brickSize=964680b mappedMem=96468992b (storeSize=0b)
2014-12-20 06:21:28.821+0000 INFO  [org.neo4j]: [target/matrix-new-db/neostore.schemastore.db] brickCount=0 brickSize=0b mappedMem=0b (storeSize=64b)
2014-12-20 06:21:28.824+0000 INFO  [org.neo4j]: [target/matrix-new-db/neostore.relationshipgroupstore.db] brickCount=0 brickSize=0b mappedMem=0b (storeSize=25b)
2014-12-20 06:21:28.825+0000 INFO  [org.neo4j]: [target/matrix-new-db/neostore] brickCount=0 brickSize=0b mappedMem=0b (storeSize=0b)
2014-12-20 06:21:28.831+0000 INFO  [org.neo4j]: target/matrix-new-db/neostore.relationshiptypestore.db.names hit=0 miss=0 switches=0 ooe=0
2014-12-20 06:21:28.832+0000 INFO  [org.neo4j]: target/matrix-new-db/neostore.relationshiptypestore.db hit=0 miss=0 switches=0 ooe=0
2014-12-20 06:21:28.833+0000 INFO  [org.neo4j]: target/matrix-new-db/neostore.labeltokenstore.db.names hit=0 miss=0 switches=0 ooe=0
2014-12-20 06:21:28.834+0000 INFO  [org.neo4j]: target/matrix-new-db/neostore.labeltokenstore.db hit=0 miss=0 switches=0 ooe=0
2014-12-20 06:21:28.835+0000 INFO  [org.neo4j]: target/matrix-new-db/neostore.propertystore.db.strings hit=0 miss=0 switches=0 ooe=0
2014-12-20 06:21:28.836+0000 INFO  [org.neo4j]: target/matrix-new-db/neostore.propertystore.db.index.keys hit=0 miss=0 switches=0 ooe=0
2014-12-20 06:21:28.837+0000 INFO  [org.neo4j]: target/matrix-new-db/neostore.propertystore.db.index hit=0 miss=0 switches=0 ooe=0
2014-12-20 06:21:28.838+0000 INFO  [org.neo4j]: target/matrix-new-db/neostore.propertystore.db.arrays hit=0 miss=0 switches=0 ooe=0
2014-12-20 06:21:28.839+0000 INFO  [org.neo4j]: target/matrix-new-db/neostore.propertystore.db hit=0 miss=0 switches=0 ooe=0
2014-12-20 06:21:28.840+0000 INFO  [org.neo4j]: target/matrix-new-db/neostore.relationshipstore.db hit=0 miss=0 switches=0 ooe=0
2014-12-20 06:21:28.841+0000 INFO  [org.neo4j]: target/matrix-new-db/neostore.nodestore.db.labels hit=0 miss=0 switches=0 ooe=0
2014-12-20 06:21:28.842+0000 INFO  [org.neo4j]: target/matrix-new-db/neostore.nodestore.db hit=0 miss=0 switches=0 ooe=0
2014-12-20 06:21:28.843+0000 INFO  [org.neo4j]: target/matrix-new-db/neostore.schemastore.db hit=0 miss=0 switches=0 ooe=0
2014-12-20 06:21:28.844+0000 INFO  [org.neo4j]: target/matrix-new-db/neostore.relationshipgroupstore.db hit=0 miss=0 switches=0 ooe=0
2014-12-20 06:21:28.846+0000 INFO  [org.neo4j]: target/matrix-new-db/neostore hit=0 miss=10 switches=0 ooe=0
2014-12-20 06:21:28.860+0000 INFO  [org.neo4j]: [target/matrix-new-db/neostore.relationshiptypestore.db.names] brickCount=0 brickSize=0b mappedMem=0b (storeSize=38b)
2014-12-20 06:21:28.860+0000 INFO  [org.neo4j]: [target/matrix-new-db/neostore.relationshiptypestore.db] brickCount=0 brickSize=0b mappedMem=0b (storeSize=0b)
2014-12-20 06:21:28.861+0000 INFO  [org.neo4j]: [target/matrix-new-db/neostore.labeltokenstore.db.names] brickCount=0 brickSize=0b mappedMem=0b (storeSize=38b)
2014-12-20 06:21:28.861+0000 INFO  [org.neo4j]: [target/matrix-new-db/neostore.labeltokenstore.db] brickCount=0 brickSize=0b mappedMem=0b (storeSize=0b)
2014-12-20 06:21:28.862+0000 INFO  [org.neo4j]: [target/matrix-new-db/neostore.propertystore.db.strings] brickCount=0 brickSize=295680b mappedMem=295698432b (storeSize=128b)
2014-12-20 06:21:28.863+0000 INFO  [org.neo4j]: [target/matrix-new-db/neostore.propertystore.db.index.keys] brickCount=0 brickSize=0b mappedMem=0b (storeSize=38b)
2014-12-20 06:21:28.863+0000 INFO  [org.neo4j]: [target/matrix-new-db/neostore.propertystore.db.index] brickCount=0 brickSize=0b mappedMem=0b (storeSize=0b)
2014-12-20 06:21:28.864+0000 INFO  [org.neo4j]: [target/matrix-new-db/neostore.propertystore.db.arrays] brickCount=0 brickSize=334464b mappedMem=334495744b (storeSize=128b)
2014-12-20 06:21:28.865+0000 INFO  [org.neo4j]: [target/matrix-new-db/neostore.propertystore.db] brickCount=0 brickSize=3470773b mappedMem=347078656b (storeSize=0b)
2014-12-20 06:21:28.865+0000 INFO  [org.neo4j]: [target/matrix-new-db/neostore.relationshipstore.db] brickCount=0 brickSize=4257208b mappedMem=425721856b (storeSize=0b)
2014-12-20 06:21:28.866+0000 INFO  [org.neo4j]: [target/matrix-new-db/neostore.nodestore.db.labels] brickCount=0 brickSize=0b mappedMem=0b (storeSize=68b)
2014-12-20 06:21:28.866+0000 INFO  [org.neo4j]: [target/matrix-new-db/neostore.nodestore.db] brickCount=0 brickSize=964680b mappedMem=96468992b (storeSize=0b)
2014-12-20 06:21:28.867+0000 INFO  [org.neo4j]: [target/matrix-new-db/neostore.schemastore.db] brickCount=0 brickSize=0b mappedMem=0b (storeSize=64b)
2014-12-20 06:21:28.868+0000 INFO  [org.neo4j]: [target/matrix-new-db/neostore.relationshipgroupstore.db] brickCount=0 brickSize=0b mappedMem=0b (storeSize=25b)
2014-12-20 06:21:28.868+0000 INFO  [org.neo4j]: [target/matrix-new-db/neostore] brickCount=0 brickSize=0b mappedMem=0b (storeSize=81b)
2014-12-20 06:21:28.958+0000 INFO  [org.neo4j]: No lucene scan store index found, this might just be first use. Preparing to rebuild.
2014-12-20 06:21:28.993+0000 INFO  [org.neo4j]: No lucene scan store index found, this might just be first use. Preparing to rebuild.
2014-12-20 06:21:29.102+0000 INFO  [org.neo4j]: Opened logical log [target/matrix-new-db/nioneo_logical.log.1] version=0, lastTxId=1 (clean)
2014-12-20 06:21:29.114+0000 INFO  [org.neo4j]: Rebuilding lucene scan store, this may take a while
2014-12-20 06:21:29.117+0000 INFO  [org.neo4j]: Lucene scan store rebuilt (roughly -1 nodes)
2014-12-20 06:21:29.121+0000 INFO  [org.neo4j]: TM new log: tm_tx_log.1
2014-12-20 06:21:29.129+0000 INFO  [org.neo4j]: Kernel health set to OK
2014-12-20 06:21:29.144+0000 INFO  [org.neo4j]: Opened logical log [target/matrix-new-db/index/lucene.log.1] version=0, lastTxId=1 (clean)
2014-12-20 06:21:29.149+0000 INFO  [org.neo4j]: --- STARTED diagnostics for KernelDiagnostics:Versions START ---
2014-12-20 06:21:29.149+0000 INFO  [org.neo4j]: Graph Database: org.neo4j.kernel.EmbeddedGraphDatabase StoreId{creationTime=1419056488739, randomId=1294349090515313936, storeVersion=14406081294923270, upgradeTime=1419056488739, upgradeId=1294349090515313936}
2014-12-20 06:21:29.149+0000 INFO  [org.neo4j]: Kernel version: Neo4j - Graph Database Kernel (neo4j-kernel), version: 2.1.6
2014-12-20 06:21:29.149+0000 INFO  [org.neo4j]: Neo4j component versions:
2014-12-20 06:21:29.156+0000 INFO  [org.neo4j]:   Neo4j - Lucene Index (neo4j-lucene-index), version: 2.1.6; revision: 2.1.6:2.1-maint:605/0d7f25fc608f15c54ec1a01f4ba4564ebfb1071a
2014-12-20 06:21:29.157+0000 INFO  [org.neo4j]:   Neo4j - JMX support (neo4j-jmx), version: 2.1.6; revision: 2.1.6:2.1-maint:605/0d7f25fc608f15c54ec1a01f4ba4564ebfb1071a
2014-12-20 06:21:29.157+0000 INFO  [org.neo4j]:   Neo4j - Graph Matching (neo4j-graph-matching), version: 2.1.6; revision: 2.1.6:2.1-maint:605/0d7f25fc608f15c54ec1a01f4ba4564ebfb1071a
2014-12-20 06:21:29.157+0000 INFO  [org.neo4j]:   Neo4j - Cypher Compiler 2.1 (neo4j-cypher-compiler-2.1), version: 2.1.6; revision: 2.1.6:2.1-maint:605/0d7f25fc608f15c54ec1a01f4ba4564ebfb1071a
2014-12-20 06:21:29.157+0000 INFO  [org.neo4j]:   Neo4j Server API (server-api), version: 2.1.6; revision: 2.1.6:2.1-maint:605/0d7f25fc608f15c54ec1a01f4ba4564ebfb1071a
2014-12-20 06:21:29.157+0000 INFO  [org.neo4j]:   Neo4j - Graph Database Kernel (neo4j-kernel), version: 2.1.6; revision: 2.1.6:2.1-maint:605/0d7f25fc608f15c54ec1a01f4ba4564ebfb1071a
2014-12-20 06:21:29.157+0000 INFO  [org.neo4j]:   Neo4j - Cypher (neo4j-cypher), version: 2.1.6; revision: 2.1.6:2.1-maint:605/0d7f25fc608f15c54ec1a01f4ba4564ebfb1071a
2014-12-20 06:21:29.157+0000 INFO  [org.neo4j]:   Neo4j - Graph Algorithms (neo4j-graph-algo), version: 2.1.6; revision: 2.1.6:2.1-maint:605/0d7f25fc608f15c54ec1a01f4ba4564ebfb1071a
2014-12-20 06:21:29.157+0000 INFO  [org.neo4j]:   Neo4j - Cypher Compiler 2.0 (neo4j-cypher-compiler-2.0), version: 2.0.3; revision: 2.0.3:2.0-maint:72/307c563c11b75fdc71cfa6df05daf9b08d6c37dc
2014-12-20 06:21:29.157+0000 INFO  [org.neo4j]:   Neo4j - Generic shell (neo4j-shell), version: 2.1.6; revision: 2.1.6:2.1-maint:605/0d7f25fc608f15c54ec1a01f4ba4564ebfb1071a
2014-12-20 06:21:29.157+0000 INFO  [org.neo4j]:   Neo4j - Cypher Compiler 1.9 (neo4j-cypher-compiler-1.9), version: 2.0.3; revision: 2.0.3:2.0-maint:72/307c563c11b75fdc71cfa6df05daf9b08d6c37dc
2014-12-20 06:21:29.157+0000 INFO  [org.neo4j]:   neo4j-udc, version: 2.1.6; revision: 2.1.6:2.1-maint:605/0d7f25fc608f15c54ec1a01f4ba4564ebfb1071a
2014-12-20 06:21:29.158+0000 INFO  [org.neo4j]:   Neo4j - Cypher Commons (neo4j-cypher-commons), version: 2.1.6; revision: 2.1.6:2.1-maint:605/0d7f25fc608f15c54ec1a01f4ba4564ebfb1071a
2014-12-20 06:21:29.158+0000 INFO  [org.neo4j]: --- STARTED diagnostics for KernelDiagnostics:Versions END ---
2014-12-20 06:21:29.161+0000 INFO  [org.neo4j]: --- STARTED diagnostics for NEO_STORE_VERSIONS START ---
2014-12-20 06:21:29.163+0000 INFO  [org.neo4j]: Store versions:
    Store versions:
      NeoStore v0.A.3
      SchemaStore v0.A.3
      NodeStore v0.A.3
      RelationshipStore v0.A.3
      RelationshipTypeStore v0.A.3
      LabelTokenStore v0.A.3
      PropertyStore v0.A.3
      PropertyIndexStore v0.A.3
      StringPropertyStore v0.A.3
      ArrayPropertyStore v0.A.3
      RelationshipGroupStore v0.A.3
2014-12-20 06:21:29.163+0000 INFO  [org.neo4j]: --- STARTED diagnostics for NEO_STORE_VERSIONS END ---
2014-12-20 06:21:29.163+0000 INFO  [org.neo4j]: --- STARTED diagnostics for NEO_STORE_ID_USAGE START ---
2014-12-20 06:21:29.164+0000 INFO  [org.neo4j]: Id usage:
    Id usage:
      SchemaStore: used=1 high=0
      NodeStore: used=0 high=-1
      RelationshipStore: used=0 high=-1
      RelationshipTypeStore: used=0 high=-1
      LabelTokenStore: used=0 high=-1
      PropertyStore: used=0 high=-1
      PropertyIndexStore: used=0 high=-1
      StringPropertyStore: used=1 high=0
      ArrayPropertyStore: used=1 high=0
      RelationshipGroupStore: used=1 high=0
2014-12-20 06:21:29.165+0000 INFO  [org.neo4j]: --- STARTED diagnostics for NEO_STORE_ID_USAGE END ---
2014-12-20 06:21:29.165+0000 INFO  [org.neo4j]: --- STARTED diagnostics for PERSISTENCE_WINDOW_POOL_STATS START ---
2014-12-20 06:21:29.165+0000 INFO  [org.neo4j]: --- STARTED diagnostics for PERSISTENCE_WINDOW_POOL_STATS END ---
2014-12-20 06:21:29.166+0000 INFO  [org.neo4j]: --- STARTED diagnostics for KernelDiagnostics:StoreFiles START ---
2014-12-20 06:21:29.166+0000 INFO  [org.neo4j]: Disk space on partition (Total / Free / Free %): 120101797888 / 53260681216 / 44
Storage files: (filename : modification date - size)
      active_tx_log: 2014-12-20T14:21:29+0800 - 11.00 B
      index:
        lucene-store.db: 2014-12-20T14:21:29+0800 - 40.00 B
        lucene.log.1: 2014-12-20T14:21:29+0800 - 16.00 B
        lucene.log.active: 2014-12-20T14:21:29+0800 - 4.00 B
      - Total: 2014-12-20T14:21:29+0800 - 60.00 B
      lock: 2014-12-20T14:21:28+0800 - 0.00 B
      messages.log: 2014-12-20T14:21:29+0800 - 20.81 kB
      neostore: 2014-12-20T14:21:28+0800 - 81.00 B
      neostore.id: 2014-12-20T14:21:28+0800 - 9.00 B
      neostore.labeltokenstore.db: 2014-12-20T14:21:28+0800 - 0.00 B
      neostore.labeltokenstore.db.id: 2014-12-20T14:21:28+0800 - 9.00 B
      neostore.labeltokenstore.db.names: 2014-12-20T14:21:28+0800 - 38.00 B
      neostore.labeltokenstore.db.names.id: 2014-12-20T14:21:28+0800 - 9.00 B
      neostore.nodestore.db: 2014-12-20T14:21:28+0800 - 0.00 B
      neostore.nodestore.db.id: 2014-12-20T14:21:28+0800 - 9.00 B
      neostore.nodestore.db.labels: 2014-12-20T14:21:28+0800 - 68.00 B
      neostore.nodestore.db.labels.id: 2014-12-20T14:21:28+0800 - 9.00 B
      neostore.propertystore.db: 2014-12-20T14:21:28+0800 - 0.00 B
      neostore.propertystore.db.arrays: 2014-12-20T14:21:28+0800 - 128.00 B
      neostore.propertystore.db.arrays.id: 2014-12-20T14:21:28+0800 - 9.00 B
      neostore.propertystore.db.id: 2014-12-20T14:21:28+0800 - 9.00 B
      neostore.propertystore.db.index: 2014-12-20T14:21:28+0800 - 0.00 B
      neostore.propertystore.db.index.id: 2014-12-20T14:21:28+0800 - 9.00 B
      neostore.propertystore.db.index.keys: 2014-12-20T14:21:28+0800 - 38.00 B
      neostore.propertystore.db.index.keys.id: 2014-12-20T14:21:28+0800 - 9.00 B
      neostore.propertystore.db.strings: 2014-12-20T14:21:28+0800 - 128.00 B
      neostore.propertystore.db.strings.id: 2014-12-20T14:21:28+0800 - 9.00 B
      neostore.relationshipgroupstore.db: 2014-12-20T14:21:28+0800 - 25.00 B
      neostore.relationshipgroupstore.db.id: 2014-12-20T14:21:28+0800 - 9.00 B
      neostore.relationshipstore.db: 2014-12-20T14:21:28+0800 - 0.00 B
      neostore.relationshipstore.db.id: 2014-12-20T14:21:28+0800 - 9.00 B
      neostore.relationshiptypestore.db: 2014-12-20T14:21:28+0800 - 0.00 B
      neostore.relationshiptypestore.db.id: 2014-12-20T14:21:28+0800 - 9.00 B
      neostore.relationshiptypestore.db.names: 2014-12-20T14:21:28+0800 - 38.00 B
      neostore.relationshiptypestore.db.names.id: 2014-12-20T14:21:28+0800 - 9.00 B
      neostore.schemastore.db: 2014-12-20T14:21:28+0800 - 64.00 B
      neostore.schemastore.db.id: 2014-12-20T14:21:28+0800 - 9.00 B
      nioneo_logical.log.1: 2014-12-20T14:21:29+0800 - 16.00 B
      nioneo_logical.log.active: 2014-12-20T14:21:29+0800 - 4.00 B
      schema:
        label:
          lucene:
            write.lock: 2014-12-20T14:21:29+0800 - 0.00 B
          - Total: 2014-12-20T14:21:29+0800 - 0.00 B
        - Total: 2014-12-20T14:21:29+0800 - 0.00 B
      - Total: 2014-12-20T14:18:04+0800 - 0.00 B
      store_lock: 2014-12-20T14:21:28+0800 - 0.00 B
      tm_tx_log.1: 2014-12-20T14:21:29+0800 - 0.00 B
2014-12-20 06:21:29.180+0000 INFO  [org.neo4j]: --- STARTED diagnostics for KernelDiagnostics:StoreFiles END ---
2014-12-20 06:21:29.234+0000 INFO  [org.neo4j]: Database is now ready
2014-12-20 06:21:29.473+0000 INFO  [org.neo4j]: Shutdown started
2014-12-20 06:21:29.473+0000 INFO  [org.neo4j]: Database is now unavailable
2014-12-20 06:21:29.479+0000 INFO  [org.neo4j]: Closed log target/matrix-new-db/index/lucene.log
2014-12-20 06:21:29.480+0000 INFO  [org.neo4j]: TM shutting down
2014-12-20 06:21:29.490+0000 INFO  [org.neo4j]: Closed log target/matrix-new-db/nioneo_logical.log
2014-12-20 06:21:29.491+0000 INFO  [org.neo4j]: target/matrix-new-db/neostore.relationshiptypestore.db.names hit=0 miss=3 switches=0 ooe=0
2014-12-20 06:21:29.492+0000 INFO  [org.neo4j]: target/matrix-new-db/neostore.relationshiptypestore.db hit=0 miss=3 switches=0 ooe=0
2014-12-20 06:21:29.493+0000 INFO  [org.neo4j]: target/matrix-new-db/neostore.labeltokenstore.db.names hit=0 miss=0 switches=0 ooe=0
2014-12-20 06:21:29.494+0000 INFO  [org.neo4j]: target/matrix-new-db/neostore.labeltokenstore.db hit=0 miss=0 switches=0 ooe=0
2014-12-20 06:21:29.495+0000 INFO  [org.neo4j]: target/matrix-new-db/neostore.propertystore.db.strings hit=0 miss=0 switches=0 ooe=0
2014-12-20 06:21:29.496+0000 INFO  [org.neo4j]: target/matrix-new-db/neostore.propertystore.db.index.keys hit=0 miss=8 switches=0 ooe=0
2014-12-20 06:21:29.497+0000 INFO  [org.neo4j]: target/matrix-new-db/neostore.propertystore.db.index hit=0 miss=8 switches=0 ooe=0
2014-12-20 06:21:29.501+0000 INFO  [org.neo4j]: target/matrix-new-db/neostore.propertystore.db.arrays hit=0 miss=0 switches=0 ooe=0
2014-12-20 06:21:29.502+0000 INFO  [org.neo4j]: target/matrix-new-db/neostore.propertystore.db hit=11 miss=0 switches=0 ooe=0
2014-12-20 06:21:29.504+0000 INFO  [org.neo4j]: target/matrix-new-db/neostore.relationshipstore.db hit=8 miss=0 switches=0 ooe=0
2014-12-20 06:21:29.505+0000 INFO  [org.neo4j]: target/matrix-new-db/neostore.nodestore.db.labels hit=0 miss=0 switches=0 ooe=0
2014-12-20 06:21:29.507+0000 INFO  [org.neo4j]: target/matrix-new-db/neostore.nodestore.db hit=7 miss=0 switches=0 ooe=0
2014-12-20 06:21:29.510+0000 INFO  [org.neo4j]: target/matrix-new-db/neostore.schemastore.db hit=0 miss=0 switches=0 ooe=0
2014-12-20 06:21:29.511+0000 INFO  [org.neo4j]: target/matrix-new-db/neostore.relationshipgroupstore.db hit=0 miss=0 switches=0 ooe=0
2014-12-20 06:21:29.512+0000 INFO  [org.neo4j]: target/matrix-new-db/neostore hit=0 miss=33 switches=0 ooe=0
2014-12-20 06:21:29.513+0000 INFO  [org.neo4j]: NeoStore closed
2014-12-20 06:21:29.513+0000 INFO  [org.neo4j]: --- STOPPING diagnostics START ---
2014-12-20 06:21:29.513+0000 INFO  [org.neo4j]: --- STOPPING diagnostics END ---
2014-12-20 06:22:58.188+0000 INFO  [org.neo4j]: No locking implementation specified, defaulting to 'community'
2014-12-20 06:22:58.331+0000 INFO  [org.neo4j]: --- INITIALIZED diagnostics START ---
2014-12-20 06:22:58.334+0000 INFO  [org.neo4j]: Neo4j Kernel properties:
    neostore.propertystore.db.mapped_memory=331M
    neostore.nodestore.db.mapped_memory=92M
    neostore.relationshipstore.db.mapped_memory=406M
    neostore.propertystore.db.strings.mapped_memory=282M
    store_dir=target/matrix-new-db
    neostore.propertystore.db.arrays.mapped_memory=319M
    ephemeral=false
2014-12-20 06:22:58.339+0000 INFO  [org.neo4j]: Diagnostics providers:
    org.neo4j.kernel.configuration.Config
    org.neo4j.kernel.info.DiagnosticsManager
    SYSTEM_MEMORY
    JAVA_MEMORY
    OPERATING_SYSTEM
    JAVA_VIRTUAL_MACHINE
    CLASSPATH
    LIBRARY_PATH
    SYSTEM_PROPERTIES
    NETWORK
2014-12-20 06:22:58.340+0000 INFO  [org.neo4j]: System memory information:
    Total Physical memory: 4.00 GB
    Free Physical memory: 241.55 MB
    Committed virtual memory: 3.59 GB
    Total swap space: 0.00 B
    Free swap space: 0.00 B
2014-12-20 06:22:58.354+0000 INFO  [org.neo4j]: JVM memory information:
    Free  memory: 47.35 MB
    Total memory: 61.50 MB
    Max   memory: 910.50 MB
    Garbage Collector: PS Scavenge: [PS Eden Space, PS Survivor Space]
    Garbage Collector: PS MarkSweep: [PS Eden Space, PS Survivor Space, PS Old Gen, PS Perm Gen]
    Memory Pool: Code Cache (Non-heap memory): committed=2.44 MB, used=463.38 kB, max=48.00 MB, threshold=0.00 B
    Memory Pool: PS Eden Space (Heap memory): committed=16.50 MB, used=14.15 MB, max=336.50 MB, threshold=?
    Memory Pool: PS Survivor Space (Heap memory): committed=2.50 MB, used=0.00 B, max=2.50 MB, threshold=?
    Memory Pool: PS Old Gen (Heap memory): committed=42.50 MB, used=0.00 B, max=682.50 MB, threshold=0.00 B
    Memory Pool: PS Perm Gen (Non-heap memory): committed=21.00 MB, used=6.32 MB, max=82.00 MB, threshold=0.00 B
2014-12-20 06:22:58.362+0000 INFO  [org.neo4j]: Operating system information:
    Operating System: Mac OS X; version: 10.10; arch: x86_64; cpus: 4
    Max number of file descriptors: 10240
    Number of open file descriptors: 29
    Process id: 410@jwlideMacBook-Air.local
    Byte order: LITTLE_ENDIAN
    Local timezone: Asia/Harbin
2014-12-20 06:22:58.380+0000 INFO  [org.neo4j]: JVM information:
    VM Name: Java HotSpot(TM) 64-Bit Server VM
    VM Vendor: Oracle Corporation
    VM Version: 24.65-b04
    JIT compiler: HotSpot 64-Bit Tiered Compilers
    VM Arguments: [-Dfile.encoding=UTF-8]
2014-12-20 06:22:58.382+0000 INFO  [org.neo4j]: Java classpath:
     [classpath + loader.0] file:/Users/jwli/Neo4j/neo4j-community-2.1.6/lib/scala-library-2.10.4.jar
     [loader.1] file:/Library/Java/JavaVirtualMachines/jdk1.7.0_67.jdk/Contents/Home/jre/lib/ext/sunec.jar
     [loader.1] file:/System/Library/Java/Extensions/MRJToolkit.jar
     [classpath + loader.0] file:/Users/jwli/Neo4j/neo4j-community-2.1.6/lib/neo4j-jmx-2.1.6.jar
     [classpath + loader.0] file:/Users/jwli/Neo4j/neo4j-community-2.1.6/lib/lucene-core-3.6.2.jar
     [bootstrap] /Library/Java/JavaVirtualMachines/jdk1.7.0_67.jdk/Contents/Home/jre/lib/jsse.jar
     [classpath + loader.0] file:/Users/jwli/Neo4j/neo4j-community-2.1.6/lib/org.apache.servicemix.bundles.jline-0.9.94_1.jar
     [classpath + loader.0] file:/Users/jwli/Neo4j/neo4j-community-2.1.6/lib/neo4j-cypher-compiler-2.0-2.0.3.jar
     [loader.1] file:/Library/Java/JavaVirtualMachines/jdk1.7.0_67.jdk/Contents/Home/jre/lib/ext/dnsns.jar
     [loader.1] file:/Library/Java/JavaVirtualMachines/jdk1.7.0_67.jdk/Contents/Home/jre/lib/ext/zipfs.jar
     [bootstrap] /Library/Java/JavaVirtualMachines/jdk1.7.0_67.jdk/Contents/Home/jre/lib/charsets.jar
     [classpath + loader.0] file:/Users/jwli/Neo4j/neo4j-community-2.1.6/lib/neo4j-graph-matching-2.1.6.jar
     [classpath + loader.0] file:/Users/jwli/Neo4j/neo4j-community-2.1.6/lib/neo4j-graph-algo-2.1.6.jar
     [loader.1] file:/Library/Java/JavaVirtualMachines/jdk1.7.0_67.jdk/Contents/Home/jre/lib/ext/sunjce_provider.jar
     [classpath + loader.0] file:/Users/jwli/Neo4j/neo4j-community-2.1.6/lib/neo4j-cypher-2.1.6.jar
     [bootstrap] /Library/Java/JavaVirtualMachines/jdk1.7.0_67.jdk/Contents/Home/jre/lib/resources.jar
     [loader.1] file:/Library/Java/JavaVirtualMachines/jdk1.7.0_67.jdk/Contents/Home/jre/lib/ext/localedata.jar
     [classpath + loader.0] file:/Users/jwli/Neo4j/neo4j-community-2.1.6/lib/neo4j-lucene-index-2.1.6.jar
     [classpath + loader.0] file:/Users/jwli/Neo4j/neo4j-community-2.1.6/lib/neo4j-udc-2.1.6.jar
     [bootstrap] /Library/Java/JavaVirtualMachines/jdk1.7.0_67.jdk/Contents/Home/jre/lib/jce.jar
     [classpath + loader.0] file:/Users/jwli/Neo4j/neo4j-community-2.1.6/lib/parboiled-core-1.1.6.jar
     [classpath + loader.0] file:/Users/jwli/Neo4j/neo4j-community-2.1.6/lib/neo4j-shell-2.1.6.jar
     [bootstrap] /Library/Java/JavaVirtualMachines/jdk1.7.0_67.jdk/Contents/Home/jre/lib/sunrsasign.jar
     [bootstrap] /Library/Java/JavaVirtualMachines/jdk1.7.0_67.jdk/Contents/Home/jre/classes
     [bootstrap] /Library/Java/JavaVirtualMachines/jdk1.7.0_67.jdk/Contents/Home/jre/lib/rt.jar
     [classpath + loader.0] file:/Users/jwli/Neo4j/neo4j-community-2.1.6/lib/neo4j-cypher-commons-2.1.6.jar
     [classpath + loader.0] file:/Users/jwli/Neo4j/neo4j-community-2.1.6/lib/parboiled-scala_2.10-1.1.6.jar
     [classpath + loader.0] file:/Users/jwli/Neo4j/neo4j-community-2.1.6/lib/server-api-2.1.6.jar
     [classpath + loader.0] file:/Users/jwli/Neo4j/neo4j-community-2.1.6/lib/neo4j-primitive-collections-2.1.6.jar
     [classpath + loader.0] file:/Users/jwli/Neo4j/neo4j-community-2.1.6/lib/neo4j-cypher-compiler-1.9-2.0.3.jar
     [classpath + loader.0] file:/Users/jwli/Neo4j/neo4j-community-2.1.6/lib/geronimo-jta_1.1_spec-1.1.1.jar
     [bootstrap] /Library/Java/JavaVirtualMachines/jdk1.7.0_67.jdk/Contents/Home/jre/lib/jfr.jar
     [classpath + loader.0] file:/Users/jwli/Neo4j/neo4j-community-2.1.6/lib/opencsv-2.3.jar
     [classpath + loader.0] file:/Users/jwli/Neo4j/neo4j-community-2.1.6/lib/neo4j-kernel-2.1.6.jar
     [classpath + loader.0] file:/Users/jwli/Documents/projects/workspace/TestNeo4j/bin/
     [loader.1] file:/Library/Java/JavaVirtualMachines/jdk1.7.0_67.jdk/Contents/Home/jre/lib/ext/sunpkcs11.jar
     [classpath + loader.0] file:/Users/jwli/Neo4j/neo4j-community-2.1.6/lib/neo4j-cypher-compiler-2.1-2.1.6.jar
     [classpath + loader.0] file:/Users/jwli/Neo4j/neo4j-community-2.1.6/lib/concurrentlinkedhashmap-lru-1.3.1.jar
2014-12-20 06:22:58.385+0000 INFO  [org.neo4j]: Library path:
    /Users/jwli/Library/Java/Extensions
    /Library/Java/Extensions
    /Network/Library/Java/Extensions
    /System/Library/Java/Extensions
    /usr/lib/java
    /Users/jwli/Documents/projects/workspace/TestNeo4j
2014-12-20 06:22:58.386+0000 INFO  [org.neo4j]: System.properties:
    sun.boot.library.path = /Library/Java/JavaVirtualMachines/jdk1.7.0_67.jdk/Contents/Home/jre/lib
    gopherProxySet = false
    path.separator = :
    file.encoding.pkg = sun.io
    user.country = US
    sun.java.launcher = SUN_STANDARD
    sun.os.patch.level = unknown
    user.dir = /Users/jwli/Documents/projects/workspace/TestNeo4j
    sun.jnu.encoding = UTF-8
    sun.management.compiler = HotSpot 64-Bit Tiered Compilers
    user.home = /Users/jwli
    user.timezone = Asia/Harbin
    file.encoding = UTF-8
    user.name = jwli
    sun.java.command = EmbeddedNeo4j
    sun.arch.data.model = 64
    user.language = en
    awt.toolkit = sun.lwawt.macosx.LWCToolkit
    file.separator = /
    sun.io.unicode.encoding = UnicodeBig
    sun.cpu.endian = little
    sun.cpu.isalist = 
2014-12-20 06:22:58.387+0000 INFO  [org.neo4j]: Network information:
    Interface awdl0:
        address: fe80:0:0:0:c05a:73ff:fef5:a96f%7
    Interface en0:
        address: fe80:0:0:0:2ef0:eeff:fe05:83ec%4
        address: 101.5.209.136
    Interface lo0:
        address: fe80:0:0:0:0:0:0:1%1
        address: 0:0:0:0:0:0:0:1
        address: 127.0.0.1
2014-12-20 06:22:58.393+0000 INFO  [org.neo4j]: --- INITIALIZED diagnostics END ---
2014-12-20 06:22:58.631+0000 INFO  [org.neo4j]: [target/matrix-new-db/neostore.relationshiptypestore.db.names] brickCount=0 brickSize=0b mappedMem=0b (storeSize=152b)
2014-12-20 06:22:58.632+0000 INFO  [org.neo4j]: [target/matrix-new-db/neostore.relationshiptypestore.db] brickCount=0 brickSize=0b mappedMem=0b (storeSize=15b)
2014-12-20 06:22:58.632+0000 INFO  [org.neo4j]: [target/matrix-new-db/neostore.labeltokenstore.db.names] brickCount=0 brickSize=0b mappedMem=0b (storeSize=38b)
2014-12-20 06:22:58.633+0000 INFO  [org.neo4j]: [target/matrix-new-db/neostore.labeltokenstore.db] brickCount=0 brickSize=0b mappedMem=0b (storeSize=0b)
2014-12-20 06:22:58.634+0000 INFO  [org.neo4j]: [target/matrix-new-db/neostore.propertystore.db.strings] brickCount=0 brickSize=295680b mappedMem=295698432b (storeSize=128b)
2014-12-20 06:22:58.634+0000 INFO  [org.neo4j]: [target/matrix-new-db/neostore.propertystore.db.index.keys] brickCount=0 brickSize=0b mappedMem=0b (storeSize=342b)
2014-12-20 06:22:58.635+0000 INFO  [org.neo4j]: [target/matrix-new-db/neostore.propertystore.db.index] brickCount=0 brickSize=0b mappedMem=0b (storeSize=72b)
2014-12-20 06:22:58.636+0000 INFO  [org.neo4j]: [target/matrix-new-db/neostore.propertystore.db.arrays] brickCount=0 brickSize=334464b mappedMem=334495744b (storeSize=128b)
2014-12-20 06:22:58.656+0000 INFO  [org.neo4j]: [target/matrix-new-db/neostore.propertystore.db] brickCount=0 brickSize=347065b mappedMem=347078656b (storeSize=451b)
2014-12-20 06:22:58.659+0000 INFO  [org.neo4j]: [target/matrix-new-db/neostore.relationshipstore.db] brickCount=0 brickSize=425714b mappedMem=425721856b (storeSize=272b)
2014-12-20 06:22:58.660+0000 INFO  [org.neo4j]: [target/matrix-new-db/neostore.nodestore.db.labels] brickCount=0 brickSize=0b mappedMem=0b (storeSize=68b)
2014-12-20 06:22:58.665+0000 INFO  [org.neo4j]: [target/matrix-new-db/neostore.nodestore.db] brickCount=0 brickSize=96465b mappedMem=96468992b (storeSize=105b)
2014-12-20 06:22:58.668+0000 INFO  [org.neo4j]: [target/matrix-new-db/neostore.schemastore.db] brickCount=0 brickSize=0b mappedMem=0b (storeSize=64b)
2014-12-20 06:22:58.672+0000 INFO  [org.neo4j]: [target/matrix-new-db/neostore.relationshipgroupstore.db] brickCount=0 brickSize=0b mappedMem=0b (storeSize=25b)
2014-12-20 06:22:58.673+0000 INFO  [org.neo4j]: [target/matrix-new-db/neostore] brickCount=0 brickSize=0b mappedMem=0b (storeSize=81b)
2014-12-20 06:22:58.891+0000 INFO  [org.neo4j]: Opened logical log [target/matrix-new-db/nioneo_logical.log.1] version=1, lastTxId=13 (clean)
2014-12-20 06:22:58.910+0000 INFO  [org.neo4j]: TM opening log: target/matrix-new-db/tm_tx_log.1
2014-12-20 06:22:58.916+0000 INFO  [org.neo4j]: Kernel health set to OK
2014-12-20 06:22:58.928+0000 INFO  [org.neo4j]: Opened logical log [target/matrix-new-db/index/lucene.log.1] version=1, lastTxId=1 (clean)
2014-12-20 06:22:58.942+0000 INFO  [org.neo4j]: --- STARTED diagnostics for KernelDiagnostics:Versions START ---
2014-12-20 06:22:58.942+0000 INFO  [org.neo4j]: Graph Database: org.neo4j.kernel.EmbeddedGraphDatabase StoreId{creationTime=1419056488739, randomId=1294349090515313936, storeVersion=14406081294923270, upgradeTime=1419056488739, upgradeId=1294349090515313936}
2014-12-20 06:22:58.943+0000 INFO  [org.neo4j]: Kernel version: Neo4j - Graph Database Kernel (neo4j-kernel), version: 2.1.6
2014-12-20 06:22:58.943+0000 INFO  [org.neo4j]: Neo4j component versions:
2014-12-20 06:22:58.949+0000 INFO  [org.neo4j]:   Neo4j - Lucene Index (neo4j-lucene-index), version: 2.1.6; revision: 2.1.6:2.1-maint:605/0d7f25fc608f15c54ec1a01f4ba4564ebfb1071a
2014-12-20 06:22:58.949+0000 INFO  [org.neo4j]:   Neo4j - JMX support (neo4j-jmx), version: 2.1.6; revision: 2.1.6:2.1-maint:605/0d7f25fc608f15c54ec1a01f4ba4564ebfb1071a
2014-12-20 06:22:58.949+0000 INFO  [org.neo4j]:   Neo4j - Graph Matching (neo4j-graph-matching), version: 2.1.6; revision: 2.1.6:2.1-maint:605/0d7f25fc608f15c54ec1a01f4ba4564ebfb1071a
2014-12-20 06:22:58.949+0000 INFO  [org.neo4j]:   Neo4j - Cypher Compiler 2.1 (neo4j-cypher-compiler-2.1), version: 2.1.6; revision: 2.1.6:2.1-maint:605/0d7f25fc608f15c54ec1a01f4ba4564ebfb1071a
2014-12-20 06:22:58.949+0000 INFO  [org.neo4j]:   Neo4j Server API (server-api), version: 2.1.6; revision: 2.1.6:2.1-maint:605/0d7f25fc608f15c54ec1a01f4ba4564ebfb1071a
2014-12-20 06:22:58.949+0000 INFO  [org.neo4j]:   Neo4j - Graph Database Kernel (neo4j-kernel), version: 2.1.6; revision: 2.1.6:2.1-maint:605/0d7f25fc608f15c54ec1a01f4ba4564ebfb1071a
2014-12-20 06:22:58.949+0000 INFO  [org.neo4j]:   Neo4j - Cypher (neo4j-cypher), version: 2.1.6; revision: 2.1.6:2.1-maint:605/0d7f25fc608f15c54ec1a01f4ba4564ebfb1071a
2014-12-20 06:22:58.949+0000 INFO  [org.neo4j]:   Neo4j - Graph Algorithms (neo4j-graph-algo), version: 2.1.6; revision: 2.1.6:2.1-maint:605/0d7f25fc608f15c54ec1a01f4ba4564ebfb1071a
2014-12-20 06:22:58.949+0000 INFO  [org.neo4j]:   Neo4j - Cypher Compiler 2.0 (neo4j-cypher-compiler-2.0), version: 2.0.3; revision: 2.0.3:2.0-maint:72/307c563c11b75fdc71cfa6df05daf9b08d6c37dc
2014-12-20 06:22:58.949+0000 INFO  [org.neo4j]:   Neo4j - Generic shell (neo4j-shell), version: 2.1.6; revision: 2.1.6:2.1-maint:605/0d7f25fc608f15c54ec1a01f4ba4564ebfb1071a
2014-12-20 06:22:58.950+0000 INFO  [org.neo4j]:   Neo4j - Cypher Compiler 1.9 (neo4j-cypher-compiler-1.9), version: 2.0.3; revision: 2.0.3:2.0-maint:72/307c563c11b75fdc71cfa6df05daf9b08d6c37dc
2014-12-20 06:22:58.950+0000 INFO  [org.neo4j]:   neo4j-udc, version: 2.1.6; revision: 2.1.6:2.1-maint:605/0d7f25fc608f15c54ec1a01f4ba4564ebfb1071a
2014-12-20 06:22:58.950+0000 INFO  [org.neo4j]:   Neo4j - Cypher Commons (neo4j-cypher-commons), version: 2.1.6; revision: 2.1.6:2.1-maint:605/0d7f25fc608f15c54ec1a01f4ba4564ebfb1071a
2014-12-20 06:22:58.950+0000 INFO  [org.neo4j]: --- STARTED diagnostics for KernelDiagnostics:Versions END ---
2014-12-20 06:22:58.952+0000 INFO  [org.neo4j]: --- STARTED diagnostics for NEO_STORE_VERSIONS START ---
2014-12-20 06:22:58.952+0000 INFO  [org.neo4j]: Store versions:
    Store versions:
      NeoStore v0.A.3
      SchemaStore v0.A.3
      NodeStore v0.A.3
      RelationshipStore v0.A.3
      RelationshipTypeStore v0.A.3
      LabelTokenStore v0.A.3
      PropertyStore v0.A.3
      PropertyIndexStore v0.A.3
      StringPropertyStore v0.A.3
      ArrayPropertyStore v0.A.3
      RelationshipGroupStore v0.A.3
2014-12-20 06:22:58.953+0000 INFO  [org.neo4j]: --- STARTED diagnostics for NEO_STORE_VERSIONS END ---
2014-12-20 06:22:58.953+0000 INFO  [org.neo4j]: --- STARTED diagnostics for NEO_STORE_ID_USAGE START ---
2014-12-20 06:22:58.953+0000 INFO  [org.neo4j]: Id usage:
    Id usage:
      SchemaStore: used=1 high=0
      NodeStore: used=7 high=6
      RelationshipStore: used=8 high=7
      RelationshipTypeStore: used=3 high=2
      LabelTokenStore: used=0 high=-1
      PropertyStore: used=11 high=10
      PropertyIndexStore: used=8 high=7
      StringPropertyStore: used=1 high=0
      ArrayPropertyStore: used=1 high=0
      RelationshipGroupStore: used=1 high=0
2014-12-20 06:22:58.954+0000 INFO  [org.neo4j]: --- STARTED diagnostics for NEO_STORE_ID_USAGE END ---
2014-12-20 06:22:58.954+0000 INFO  [org.neo4j]: --- STARTED diagnostics for PERSISTENCE_WINDOW_POOL_STATS START ---
2014-12-20 06:22:58.954+0000 INFO  [org.neo4j]: --- STARTED diagnostics for PERSISTENCE_WINDOW_POOL_STATS END ---
2014-12-20 06:22:58.955+0000 INFO  [org.neo4j]: --- STARTED diagnostics for KernelDiagnostics:StoreFiles START ---
2014-12-20 06:22:58.955+0000 INFO  [org.neo4j]: Disk space on partition (Total / Free / Free %): 120101797888 / 53260566528 / 44
Storage files: (filename : modification date - size)
      active_tx_log: 2014-12-20T14:21:29+0800 - 11.00 B
      index:
        lucene-store.db: 2014-12-20T14:21:29+0800 - 40.00 B
        lucene.log.1: 2014-12-20T14:22:58+0800 - 16.00 B
        lucene.log.active: 2014-12-20T14:22:58+0800 - 4.00 B
        lucene.log.v0: 2014-12-20T14:21:29+0800 - 16.00 B
      - Total: 2014-12-20T14:22:58+0800 - 76.00 B
      lock: 2014-12-20T14:22:58+0800 - 0.00 B
      messages.log: 2014-12-20T14:22:58+0800 - 41.95 kB
      neostore: 2014-12-20T14:22:58+0800 - 81.00 B
      neostore.id: 2014-12-20T14:22:58+0800 - 9.00 B
      neostore.labeltokenstore.db: 2014-12-20T14:22:58+0800 - 0.00 B
      neostore.labeltokenstore.db.id: 2014-12-20T14:22:58+0800 - 9.00 B
      neostore.labeltokenstore.db.names: 2014-12-20T14:22:58+0800 - 38.00 B
      neostore.labeltokenstore.db.names.id: 2014-12-20T14:22:58+0800 - 9.00 B
      neostore.nodestore.db: 2014-12-20T14:22:58+0800 - 105.00 B
      neostore.nodestore.db.id: 2014-12-20T14:22:58+0800 - 9.00 B
      neostore.nodestore.db.labels: 2014-12-20T14:22:58+0800 - 68.00 B
      neostore.nodestore.db.labels.id: 2014-12-20T14:22:58+0800 - 9.00 B
      neostore.propertystore.db: 2014-12-20T14:22:58+0800 - 451.00 B
      neostore.propertystore.db.arrays: 2014-12-20T14:22:58+0800 - 128.00 B
      neostore.propertystore.db.arrays.id: 2014-12-20T14:22:58+0800 - 9.00 B
      neostore.propertystore.db.id: 2014-12-20T14:22:58+0800 - 9.00 B
      neostore.propertystore.db.index: 2014-12-20T14:22:58+0800 - 72.00 B
      neostore.propertystore.db.index.id: 2014-12-20T14:22:58+0800 - 9.00 B
      neostore.propertystore.db.index.keys: 2014-12-20T14:22:58+0800 - 342.00 B
      neostore.propertystore.db.index.keys.id: 2014-12-20T14:22:58+0800 - 9.00 B
      neostore.propertystore.db.strings: 2014-12-20T14:22:58+0800 - 128.00 B
      neostore.propertystore.db.strings.id: 2014-12-20T14:22:58+0800 - 9.00 B
      neostore.relationshipgroupstore.db: 2014-12-20T14:22:58+0800 - 25.00 B
      neostore.relationshipgroupstore.db.id: 2014-12-20T14:22:58+0800 - 9.00 B
      neostore.relationshipstore.db: 2014-12-20T14:22:58+0800 - 272.00 B
      neostore.relationshipstore.db.id: 2014-12-20T14:22:58+0800 - 9.00 B
      neostore.relationshiptypestore.db: 2014-12-20T14:22:58+0800 - 15.00 B
      neostore.relationshiptypestore.db.id: 2014-12-20T14:22:58+0800 - 9.00 B
      neostore.relationshiptypestore.db.names: 2014-12-20T14:22:58+0800 - 152.00 B
      neostore.relationshiptypestore.db.names.id: 2014-12-20T14:22:58+0800 - 9.00 B
      neostore.schemastore.db: 2014-12-20T14:22:58+0800 - 64.00 B
      neostore.schemastore.db.id: 2014-12-20T14:22:58+0800 - 9.00 B
      nioneo_logical.log.1: 2014-12-20T14:22:58+0800 - 16.00 B
      nioneo_logical.log.active: 2014-12-20T14:22:58+0800 - 4.00 B
      nioneo_logical.log.v0: 2014-12-20T14:21:29+0800 - 3.82 kB
      schema:
        label:
          lucene:
            segments.gen: 2014-12-20T14:21:29+0800 - 20.00 B
            segments_1: 2014-12-20T14:21:29+0800 - 32.00 B
            write.lock: 2014-12-20T14:22:58+0800 - 0.00 B
          - Total: 2014-12-20T14:22:58+0800 - 52.00 B
        - Total: 2014-12-20T14:21:29+0800 - 52.00 B
      - Total: 2014-12-20T14:18:04+0800 - 52.00 B
      store_lock: 2014-12-20T14:21:28+0800 - 0.00 B
      tm_tx_log.1: 2014-12-20T14:22:58+0800 - 0.00 B
2014-12-20 06:22:58.978+0000 INFO  [org.neo4j]: --- STARTED diagnostics for KernelDiagnostics:StoreFiles END ---
2014-12-20 06:22:59.038+0000 INFO  [org.neo4j]: Database is now ready
2014-12-20 06:22:59.132+0000 INFO  [org.neo4j]: Shutdown started
2014-12-20 06:22:59.133+0000 INFO  [org.neo4j]: Database is now unavailable
2014-12-20 06:22:59.146+0000 INFO  [org.neo4j]: Closed log target/matrix-new-db/index/lucene.log
2014-12-20 06:22:59.147+0000 INFO  [org.neo4j]: TM shutting down
2014-12-20 06:22:59.156+0000 INFO  [org.neo4j]: Closed log target/matrix-new-db/nioneo_logical.log
2014-12-20 06:22:59.157+0000 INFO  [org.neo4j]: target/matrix-new-db/neostore.relationshiptypestore.db.names hit=0 miss=6 switches=0 ooe=0
2014-12-20 06:22:59.159+0000 INFO  [org.neo4j]: target/matrix-new-db/neostore.relationshiptypestore.db hit=0 miss=3 switches=0 ooe=0
2014-12-20 06:22:59.160+0000 INFO  [org.neo4j]: target/matrix-new-db/neostore.labeltokenstore.db.names hit=0 miss=0 switches=0 ooe=0
2014-12-20 06:22:59.161+0000 INFO  [org.neo4j]: target/matrix-new-db/neostore.labeltokenstore.db hit=0 miss=0 switches=0 ooe=0
2014-12-20 06:22:59.162+0000 INFO  [org.neo4j]: target/matrix-new-db/neostore.propertystore.db.strings hit=0 miss=0 switches=0 ooe=0
2014-12-20 06:22:59.164+0000 INFO  [org.neo4j]: target/matrix-new-db/neostore.propertystore.db.index.keys hit=0 miss=16 switches=0 ooe=0
2014-12-20 06:22:59.165+0000 INFO  [org.neo4j]: target/matrix-new-db/neostore.propertystore.db.index hit=0 miss=8 switches=0 ooe=0
2014-12-20 06:22:59.166+0000 INFO  [org.neo4j]: target/matrix-new-db/neostore.propertystore.db.arrays hit=0 miss=0 switches=0 ooe=0
2014-12-20 06:22:59.167+0000 INFO  [org.neo4j]: target/matrix-new-db/neostore.propertystore.db hit=7 miss=0 switches=0 ooe=0
2014-12-20 06:22:59.168+0000 INFO  [org.neo4j]: target/matrix-new-db/neostore.relationshipstore.db hit=16 miss=0 switches=0 ooe=0
2014-12-20 06:22:59.169+0000 INFO  [org.neo4j]: target/matrix-new-db/neostore.nodestore.db.labels hit=0 miss=0 switches=0 ooe=0
2014-12-20 06:22:59.171+0000 INFO  [org.neo4j]: target/matrix-new-db/neostore.nodestore.db hit=20 miss=0 switches=0 ooe=0
2014-12-20 06:22:59.172+0000 INFO  [org.neo4j]: target/matrix-new-db/neostore.schemastore.db hit=0 miss=0 switches=0 ooe=0
2014-12-20 06:22:59.173+0000 INFO  [org.neo4j]: target/matrix-new-db/neostore.relationshipgroupstore.db hit=0 miss=0 switches=0 ooe=0
2014-12-20 06:22:59.174+0000 INFO  [org.neo4j]: target/matrix-new-db/neostore hit=0 miss=20 switches=0 ooe=0
2014-12-20 06:22:59.175+0000 INFO  [org.neo4j]: NeoStore closed
2014-12-20 06:22:59.176+0000 INFO  [org.neo4j]: --- STOPPING diagnostics START ---
2014-12-20 06:22:59.176+0000 INFO  [org.neo4j]: --- STOPPING diagnostics END ---
